c:\personal\bass_zipstream\lib\x64\lib7z.pdb
c:\personal\bass_zipstream\lib7z\x64\release\tarheader.obj
c:\personal\bass_zipstream\lib7z\x64\release\tarhandler.obj
c:\personal\bass_zipstream\lib7z\x64\release\stdafx.obj
c:\personal\bass_zipstream\lib7z\x64\release\rarhandler.obj
c:\personal\bass_zipstream\lib7z\x64\release\rar5handler.obj
c:\personal\bass_zipstream\lib7z\x64\release\isoin.obj
c:\personal\bass_zipstream\lib7z\x64\release\isoheader.obj
c:\personal\bass_zipstream\lib7z\x64\release\isohandler.obj
c:\personal\bass_zipstream\lib7z\x64\release\handlercont.obj
c:\personal\bass_zipstream\lib7z\x64\release\findsignature.obj
c:\personal\bass_zipstream\lib7z\x64\release\codermixer2.obj
c:\personal\bass_zipstream\lib7z\x64\release\7zspecstream.obj
c:\personal\bass_zipstream\lib7z\x64\release\7zproperties.obj
c:\personal\bass_zipstream\lib7z\x64\release\7zin.obj
c:\personal\bass_zipstream\lib7z\x64\release\7zheader.obj
c:\personal\bass_zipstream\lib7z\x64\release\7zhandler.obj
c:\personal\bass_zipstream\lib7z\x64\release\7zfolderinstream.obj
c:\personal\bass_zipstream\lib7z\x64\release\7zextract.obj
c:\personal\bass_zipstream\lib7z\x64\release\7zdecode.obj
c:\personal\bass_zipstream\lib7z\x64\release\lzma2register.obj
c:\personal\bass_zipstream\lib7z\x64\release\deflateregister.obj
c:\personal\bass_zipstream\lib7z\x64\release\deflateencoder.obj
c:\personal\bass_zipstream\lib7z\x64\release\deflatedecoder.obj
c:\personal\bass_zipstream\lib7z\x64\release\deflate64register.obj
c:\personal\bass_zipstream\lib7z\x64\release\copyregister.obj
c:\personal\bass_zipstream\lib7z\x64\release\bzip2register.obj
c:\personal\bass_zipstream\lib7z\x64\release\bzip2encoder.obj
c:\personal\bass_zipstream\lib7z\x64\release\bzip2decoder.obj
c:\personal\bass_zipstream\lib7z\x64\release\bzip2crc.obj
c:\personal\bass_zipstream\lib7z\x64\release\branchregister.obj
c:\personal\bass_zipstream\lib7z\x64\release\bcjregister.obj
c:\personal\bass_zipstream\lib7z\x64\release\bcjcoder.obj
c:\personal\bass_zipstream\lib7z\x64\release\bcj2register.obj
c:\personal\bass_zipstream\lib7z\x64\release\bcj2coder.obj
c:\personal\bass_zipstream\lib7z\x64\release\virtthread.obj
c:\personal\bass_zipstream\lib7z\x64\release\streambinder.obj
c:\personal\bass_zipstream\lib7z\x64\release\inouttempbuffer.obj
c:\personal\bass_zipstream\lib7z\x64\release\filepathautorename.obj
c:\personal\bass_zipstream\lib7z\x64\release\tarin.obj
c:\personal\bass_zipstream\lib7z\x64\release\filefind.obj
c:\personal\bass_zipstream\lib7z\x64\release\filedir.obj
c:\personal\bass_zipstream\lib7z\x64\release\errormsg.obj
c:\personal\bass_zipstream\lib7z\x64\release\wildcard.obj
c:\personal\bass_zipstream\lib7z\x64\release\setproperties.obj
c:\personal\bass_zipstream\lib7z\x64\release\propidutils.obj
c:\personal\bass_zipstream\lib7z\x64\release\openarchive.obj
c:\personal\bass_zipstream\lib7z\x64\release\extractingfilepath.obj
c:\personal\bass_zipstream\lib7z\x64\release\defaultname.obj
c:\personal\bass_zipstream\lib7z\x64\release\raraes.obj
c:\personal\bass_zipstream\lib7z\x64\release\rar5aes.obj
c:\personal\bass_zipstream\lib7z\x64\release\rar20crypto.obj
c:\personal\bass_zipstream\lib7z\x64\release\rarcodecsregister.obj
c:\personal\bass_zipstream\lib7z\x64\release\rar5decoder.obj
c:\personal\bass_zipstream\lib7z\x64\release\rar3vm.obj
c:\personal\bass_zipstream\lib7z\x64\release\rar3decoder.obj
c:\personal\bass_zipstream\lib7z\x64\release\rar2decoder.obj
c:\personal\bass_zipstream\lib7z\x64\release\rar1decoder.obj
c:\personal\bass_zipstream\lib7z\x64\release\ppmdregister.obj
c:\personal\bass_zipstream\lib7z\x64\release\lzmaregister.obj
c:\personal\bass_zipstream\lib7z\x64\release\offsetstream.obj
c:\personal\bass_zipstream\lib7z\x64\release\methodprops.obj
c:\personal\bass_zipstream\lib7z\x64\release\memblocks.obj
c:\personal\bass_zipstream\lib7z\x64\release\lockedstream.obj
c:\personal\bass_zipstream\lib7z\x64\release\limitedstreams.obj
c:\personal\bass_zipstream\lib7z\x64\release\inbuffer.obj
c:\personal\bass_zipstream\lib7z\x64\release\filtercoder.obj
c:\personal\bass_zipstream\lib7z\x64\release\filestreams.obj
c:\personal\bass_zipstream\lib7z\x64\release\cwrappers.obj
c:\personal\bass_zipstream\lib7z\x64\release\createcoder.obj
c:\personal\bass_zipstream\lib7z\x64\release\zipitem.obj
c:\personal\bass_zipstream\lib7z\x64\release\zipin.obj
c:\personal\bass_zipstream\lib7z\x64\release\ziphandler.obj
c:\personal\bass_zipstream\lib7z\x64\release\outstreamwithcrc.obj
c:\personal\bass_zipstream\lib7z\x64\release\itemnameutils.obj
c:\personal\bass_zipstream\lib7z\x64\release\instreamwithcrc.obj
c:\personal\bass_zipstream\lib7z\x64\release\handlerout.obj
c:\personal\bass_zipstream\lib7z\x64\release\propvariantconv.obj
c:\personal\bass_zipstream\lib7z\x64\release\filename.obj
c:\personal\bass_zipstream\lib7z\x64\release\filelink.obj
c:\personal\bass_zipstream\lib7z\x64\release\xzdecoder.obj
c:\personal\bass_zipstream\lib7z\x64\release\shrinkdecoder.obj
c:\personal\bass_zipstream\lib7z\x64\release\ppmdzip.obj
c:\personal\bass_zipstream\lib7z\x64\release\ppmdencoder.obj
c:\personal\bass_zipstream\lib7z\x64\release\ppmddecoder.obj
c:\personal\bass_zipstream\lib7z\x64\release\lzoutwindow.obj
c:\personal\bass_zipstream\lib7z\x64\release\lzmaencoder.obj
c:\personal\bass_zipstream\lib7z\x64\release\lzmadecoder.obj
c:\personal\bass_zipstream\lib7z\x64\release\lzma2encoder.obj
c:\personal\bass_zipstream\lib7z\x64\release\lzma2decoder.obj
c:\personal\bass_zipstream\lib7z\x64\release\implodedecoder.obj
c:\personal\bass_zipstream\lib7z\x64\release\copycoder.obj
c:\personal\bass_zipstream\lib7z\x64\release\bitldecoder.obj
c:\personal\bass_zipstream\lib7z\x64\release\streamutils.obj
c:\personal\bass_zipstream\lib7z\x64\release\streamobjects.obj
c:\personal\bass_zipstream\lib7z\x64\release\propid.obj
c:\personal\bass_zipstream\lib7z\x64\release\progressutils.obj
c:\personal\bass_zipstream\lib7z\x64\release\progressmt.obj
c:\personal\bass_zipstream\lib7z\x64\release\outmemstream.obj
c:\personal\bass_zipstream\lib7z\x64\release\outbuffer.obj
c:\personal\bass_zipstream\lib7z\x64\release\propvariantutils.obj
c:\personal\bass_zipstream\lib7z\x64\release\propvariant.obj
c:\personal\bass_zipstream\lib7z\x64\release\fileio.obj
c:\personal\bass_zipstream\lib7z\x64\release\utfconvert.obj
c:\personal\bass_zipstream\lib7z\x64\release\stringtoint.obj
c:\personal\bass_zipstream\lib7z\x64\release\stringconvert.obj
c:\personal\bass_zipstream\lib7z\x64\release\mywindows.obj
c:\personal\bass_zipstream\lib7z\x64\release\myvector.obj
c:\personal\bass_zipstream\lib7z\x64\release\mystring.obj
c:\personal\bass_zipstream\lib7z\x64\release\inttostring.obj
c:\personal\bass_zipstream\lib7z\x64\release\loadcodecs.obj
c:\personal\bass_zipstream\lib7z\x64\release\zipstrong.obj
c:\personal\bass_zipstream\lib7z\x64\release\zipcrypto.obj
c:\personal\bass_zipstream\lib7z\x64\release\wzaes.obj
c:\personal\bass_zipstream\lib7z\x64\release\randgen.obj
c:\personal\bass_zipstream\lib7z\x64\release\pbkdf2hmacsha1.obj
c:\personal\bass_zipstream\lib7z\x64\release\myaes.obj
c:\personal\bass_zipstream\lib7z\x64\release\hmacsha256.obj
c:\personal\bass_zipstream\lib7z\x64\release\hmacsha1.obj
c:\personal\bass_zipstream\lib7z\x64\release\xzencoder.obj
c:\personal\bass_zipstream\lib7z\x64\release\timeutils.obj
c:\personal\bass_zipstream\lib7z\x64\release\system.obj
c:\personal\bass_zipstream\lib7z\x64\release\synchronization.obj
c:\personal\bass_zipstream\lib7z\x64\release\cpuarch.obj
c:\personal\bass_zipstream\lib7z\x64\release\bwtsort.obj
c:\personal\bass_zipstream\lib7z\x64\release\braia64.obj
c:\personal\bass_zipstream\lib7z\x64\release\bra86.obj
c:\personal\bass_zipstream\lib7z\x64\release\bra.obj
c:\personal\bass_zipstream\lib7z\x64\release\blake2s.obj
c:\personal\bass_zipstream\lib7z\x64\release\bcj2enc.obj
c:\personal\bass_zipstream\lib7z\x64\release\bcj2.obj
c:\personal\bass_zipstream\lib7z\x64\release\alloc.obj
c:\personal\bass_zipstream\lib7z\x64\release\aesopt.obj
c:\personal\bass_zipstream\lib7z\x64\release\aes.obj
c:\personal\bass_zipstream\lib7z\x64\release\7zstream.obj
c:\personal\bass_zipstream\lib7z\x64\release\7zfile.obj
c:\personal\bass_zipstream\lib7z\x64\release\7zdec.obj
c:\personal\bass_zipstream\lib7z\x64\release\7zcrcopt.obj
c:\personal\bass_zipstream\lib7z\x64\release\7zcrc.obj
c:\personal\bass_zipstream\lib7z\x64\release\7zbuf2.obj
c:\personal\bass_zipstream\lib7z\x64\release\7zbuf.obj
c:\personal\bass_zipstream\lib7z\x64\release\7zarcin.obj
c:\personal\bass_zipstream\lib7z\x64\release\7zalloc.obj
c:\personal\bass_zipstream\lib7z\x64\release\ppmd8dec.obj
c:\personal\bass_zipstream\lib7z\x64\release\ppmd8.obj
c:\personal\bass_zipstream\lib7z\x64\release\ppmd7enc.obj
c:\personal\bass_zipstream\lib7z\x64\release\ppmd7dec.obj
c:\personal\bass_zipstream\lib7z\x64\release\ppmd7.obj
c:\personal\bass_zipstream\lib7z\x64\release\mtdec.obj
c:\personal\bass_zipstream\lib7z\x64\release\mtcoder.obj
c:\personal\bass_zipstream\lib7z\x64\release\lzmalib.obj
c:\personal\bass_zipstream\lib7z\x64\release\lzmaenc.obj
c:\personal\bass_zipstream\lib7z\x64\release\lzmadec.obj
c:\personal\bass_zipstream\lib7z\x64\release\lzma86enc.obj
c:\personal\bass_zipstream\lib7z\x64\release\lzma86dec.obj
c:\personal\bass_zipstream\lib7z\x64\release\lzma2enc.obj
c:\personal\bass_zipstream\lib7z\x64\release\lzma2decmt.obj
c:\personal\bass_zipstream\lib7z\x64\release\lzma2dec.obj
c:\personal\bass_zipstream\lib7z\x64\release\lzfindmt.obj
c:\personal\bass_zipstream\lib7z\x64\release\lzfind.obj
c:\personal\bass_zipstream\lib7z\x64\release\huffenc.obj
c:\personal\bass_zipstream\lib7z\x64\release\dllsecur.obj
c:\personal\bass_zipstream\lib7z\x64\release\delta.obj
c:\personal\bass_zipstream\lib7z\x64\release\xzin.obj
c:\personal\bass_zipstream\lib7z\x64\release\xzenc.obj
c:\personal\bass_zipstream\lib7z\x64\release\xzdec.obj
c:\personal\bass_zipstream\lib7z\x64\release\xzcrc64opt.obj
c:\personal\bass_zipstream\lib7z\x64\release\xzcrc64.obj
c:\personal\bass_zipstream\lib7z\x64\release\xz.obj
c:\personal\bass_zipstream\lib7z\x64\release\threads.obj
c:\personal\bass_zipstream\lib7z\x64\release\sort.obj
c:\personal\bass_zipstream\lib7z\x64\release\sha256.obj
c:\personal\bass_zipstream\lib7z\x64\release\sha1.obj
c:\personal\bass_zipstream\lib7z\x64\release\ppmd8enc.obj
c:\personal\bass_zipstream\lib\x64\lib7z.lib
c:\personal\bass_zipstream\lib7z\x64\release\7zasm.obj
c:\personal\bass_zipstream\lib7z\x64\release\lib7z.tlog\cl.command.1.tlog
c:\personal\bass_zipstream\lib7z\x64\release\lib7z.tlog\cl.read.1.tlog
c:\personal\bass_zipstream\lib7z\x64\release\lib7z.tlog\cl.write.1.tlog
c:\personal\bass_zipstream\lib7z\x64\release\lib7z.tlog\lib-link.read.1.tlog
c:\personal\bass_zipstream\lib7z\x64\release\lib7z.tlog\lib-link.write.1.tlog
c:\personal\bass_zipstream\lib7z\x64\release\lib7z.tlog\lib.command.1.tlog
c:\personal\bass_zipstream\lib7z\x64\release\lib7z.tlog\masm.read.1u.tlog
c:\personal\bass_zipstream\lib7z\x64\release\lib7z.tlog\masm.write.1u.tlog
