c:\personal\bass_zipstream\bass_zipstream\release\vc143.pdb
c:\personal\bass_zipstream\bass_zipstream\release\errorinterface.obj
c:\personal\bass_zipstream\bass_zipstream\release\config.obj
c:\personal\bass_zipstream\bass_zipstream\release\codecs.obj
c:\personal\bass_zipstream\bass_zipstream\release\cfilestream.obj
c:\personal\bass_zipstream\bass_zipstream\release\cfile.obj
c:\personal\bass_zipstream\bass_zipstream\release\archiveextracttask.obj
c:\personal\bass_zipstream\bass_zipstream\release\bass_zipstream.obj
c:\personal\bass_zipstream\bass_zipstream\release\archiveinterface.obj
c:\personal\bass_zipstream\bass_zipstream\release\archiveextractprompt.obj
c:\personal\bass_zipstream\bass_zipstream\release\archiveextractcallback.obj
c:\personal\bass_zipstream\bass_zipstream\release\archiveentryinterface.obj
c:\personal\bass_zipstream\bass_zipstream\release\archiveentry.obj
c:\personal\bass_zipstream\bass_zipstream\release\archive.obj
c:\personal\bass_zipstream\bass_zipstream\release\crc.obj
c:\personal\bass_zipstream\bass_zipstream\release\bass_zipstream.tlog\cl.command.1.tlog
c:\personal\bass_zipstream\bass_zipstream\release\bass_zipstream.tlog\cl.read.1.tlog
c:\personal\bass_zipstream\bass_zipstream\release\bass_zipstream.tlog\cl.write.1.tlog
c:\personal\bass_zipstream\bass_zipstream\release\bass_zipstream.tlog\link.command.1.tlog
c:\personal\bass_zipstream\bass_zipstream\release\bass_zipstream.tlog\link.read.1.tlog
c:\personal\bass_zipstream\bass_zipstream\release\bass_zipstream.tlog\link.write.1.tlog
