c:\personal\bass_zipstream\lib\x86\lib7z.pdb
c:\personal\bass_zipstream\lib7z\release\tarheader.obj
c:\personal\bass_zipstream\lib7z\release\tarhandler.obj
c:\personal\bass_zipstream\lib7z\release\stdafx.obj
c:\personal\bass_zipstream\lib7z\release\rarhandler.obj
c:\personal\bass_zipstream\lib7z\release\rar5handler.obj
c:\personal\bass_zipstream\lib7z\release\isoin.obj
c:\personal\bass_zipstream\lib7z\release\isoheader.obj
c:\personal\bass_zipstream\lib7z\release\isohandler.obj
c:\personal\bass_zipstream\lib7z\release\handlercont.obj
c:\personal\bass_zipstream\lib7z\release\findsignature.obj
c:\personal\bass_zipstream\lib7z\release\codermixer2.obj
c:\personal\bass_zipstream\lib7z\release\7zspecstream.obj
c:\personal\bass_zipstream\lib7z\release\7zproperties.obj
c:\personal\bass_zipstream\lib7z\release\7zin.obj
c:\personal\bass_zipstream\lib7z\release\7zheader.obj
c:\personal\bass_zipstream\lib7z\release\7zhandler.obj
c:\personal\bass_zipstream\lib7z\release\7zfolderinstream.obj
c:\personal\bass_zipstream\lib7z\release\7zextract.obj
c:\personal\bass_zipstream\lib7z\release\7zdecode.obj
c:\personal\bass_zipstream\lib7z\release\lzma2register.obj
c:\personal\bass_zipstream\lib7z\release\deflateregister.obj
c:\personal\bass_zipstream\lib7z\release\deflateencoder.obj
c:\personal\bass_zipstream\lib7z\release\deflatedecoder.obj
c:\personal\bass_zipstream\lib7z\release\deflate64register.obj
c:\personal\bass_zipstream\lib7z\release\copyregister.obj
c:\personal\bass_zipstream\lib7z\release\bzip2register.obj
c:\personal\bass_zipstream\lib7z\release\bzip2encoder.obj
c:\personal\bass_zipstream\lib7z\release\bzip2decoder.obj
c:\personal\bass_zipstream\lib7z\release\bzip2crc.obj
c:\personal\bass_zipstream\lib7z\release\branchregister.obj
c:\personal\bass_zipstream\lib7z\release\bcjregister.obj
c:\personal\bass_zipstream\lib7z\release\bcjcoder.obj
c:\personal\bass_zipstream\lib7z\release\bcj2register.obj
c:\personal\bass_zipstream\lib7z\release\bcj2coder.obj
c:\personal\bass_zipstream\lib7z\release\virtthread.obj
c:\personal\bass_zipstream\lib7z\release\streambinder.obj
c:\personal\bass_zipstream\lib7z\release\inouttempbuffer.obj
c:\personal\bass_zipstream\lib7z\release\filepathautorename.obj
c:\personal\bass_zipstream\lib7z\release\tarin.obj
c:\personal\bass_zipstream\lib7z\release\filefind.obj
c:\personal\bass_zipstream\lib7z\release\filedir.obj
c:\personal\bass_zipstream\lib7z\release\errormsg.obj
c:\personal\bass_zipstream\lib7z\release\wildcard.obj
c:\personal\bass_zipstream\lib7z\release\setproperties.obj
c:\personal\bass_zipstream\lib7z\release\propidutils.obj
c:\personal\bass_zipstream\lib7z\release\openarchive.obj
c:\personal\bass_zipstream\lib7z\release\extractingfilepath.obj
c:\personal\bass_zipstream\lib7z\release\defaultname.obj
c:\personal\bass_zipstream\lib7z\release\raraes.obj
c:\personal\bass_zipstream\lib7z\release\rar5aes.obj
c:\personal\bass_zipstream\lib7z\release\rar20crypto.obj
c:\personal\bass_zipstream\lib7z\release\rarcodecsregister.obj
c:\personal\bass_zipstream\lib7z\release\rar5decoder.obj
c:\personal\bass_zipstream\lib7z\release\rar3vm.obj
c:\personal\bass_zipstream\lib7z\release\rar3decoder.obj
c:\personal\bass_zipstream\lib7z\release\rar2decoder.obj
c:\personal\bass_zipstream\lib7z\release\rar1decoder.obj
c:\personal\bass_zipstream\lib7z\release\ppmdregister.obj
c:\personal\bass_zipstream\lib7z\release\lzmaregister.obj
c:\personal\bass_zipstream\lib7z\release\offsetstream.obj
c:\personal\bass_zipstream\lib7z\release\methodprops.obj
c:\personal\bass_zipstream\lib7z\release\memblocks.obj
c:\personal\bass_zipstream\lib7z\release\lockedstream.obj
c:\personal\bass_zipstream\lib7z\release\limitedstreams.obj
c:\personal\bass_zipstream\lib7z\release\inbuffer.obj
c:\personal\bass_zipstream\lib7z\release\filtercoder.obj
c:\personal\bass_zipstream\lib7z\release\filestreams.obj
c:\personal\bass_zipstream\lib7z\release\cwrappers.obj
c:\personal\bass_zipstream\lib7z\release\createcoder.obj
c:\personal\bass_zipstream\lib7z\release\zipitem.obj
c:\personal\bass_zipstream\lib7z\release\zipin.obj
c:\personal\bass_zipstream\lib7z\release\ziphandler.obj
c:\personal\bass_zipstream\lib7z\release\outstreamwithcrc.obj
c:\personal\bass_zipstream\lib7z\release\itemnameutils.obj
c:\personal\bass_zipstream\lib7z\release\instreamwithcrc.obj
c:\personal\bass_zipstream\lib7z\release\handlerout.obj
c:\personal\bass_zipstream\lib7z\release\propvariantconv.obj
c:\personal\bass_zipstream\lib7z\release\filename.obj
c:\personal\bass_zipstream\lib7z\release\filelink.obj
c:\personal\bass_zipstream\lib7z\release\xzdecoder.obj
c:\personal\bass_zipstream\lib7z\release\shrinkdecoder.obj
c:\personal\bass_zipstream\lib7z\release\ppmdzip.obj
c:\personal\bass_zipstream\lib7z\release\ppmdencoder.obj
c:\personal\bass_zipstream\lib7z\release\ppmddecoder.obj
c:\personal\bass_zipstream\lib7z\release\lzoutwindow.obj
c:\personal\bass_zipstream\lib7z\release\lzmaencoder.obj
c:\personal\bass_zipstream\lib7z\release\lzmadecoder.obj
c:\personal\bass_zipstream\lib7z\release\lzma2encoder.obj
c:\personal\bass_zipstream\lib7z\release\lzma2decoder.obj
c:\personal\bass_zipstream\lib7z\release\implodedecoder.obj
c:\personal\bass_zipstream\lib7z\release\copycoder.obj
c:\personal\bass_zipstream\lib7z\release\bitldecoder.obj
c:\personal\bass_zipstream\lib7z\release\streamutils.obj
c:\personal\bass_zipstream\lib7z\release\streamobjects.obj
c:\personal\bass_zipstream\lib7z\release\propid.obj
c:\personal\bass_zipstream\lib7z\release\progressutils.obj
c:\personal\bass_zipstream\lib7z\release\progressmt.obj
c:\personal\bass_zipstream\lib7z\release\outmemstream.obj
c:\personal\bass_zipstream\lib7z\release\outbuffer.obj
c:\personal\bass_zipstream\lib7z\release\propvariantutils.obj
c:\personal\bass_zipstream\lib7z\release\propvariant.obj
c:\personal\bass_zipstream\lib7z\release\fileio.obj
c:\personal\bass_zipstream\lib7z\release\utfconvert.obj
c:\personal\bass_zipstream\lib7z\release\stringtoint.obj
c:\personal\bass_zipstream\lib7z\release\stringconvert.obj
c:\personal\bass_zipstream\lib7z\release\mywindows.obj
c:\personal\bass_zipstream\lib7z\release\myvector.obj
c:\personal\bass_zipstream\lib7z\release\mystring.obj
c:\personal\bass_zipstream\lib7z\release\inttostring.obj
c:\personal\bass_zipstream\lib7z\release\loadcodecs.obj
c:\personal\bass_zipstream\lib7z\release\zipstrong.obj
c:\personal\bass_zipstream\lib7z\release\zipcrypto.obj
c:\personal\bass_zipstream\lib7z\release\wzaes.obj
c:\personal\bass_zipstream\lib7z\release\randgen.obj
c:\personal\bass_zipstream\lib7z\release\pbkdf2hmacsha1.obj
c:\personal\bass_zipstream\lib7z\release\myaes.obj
c:\personal\bass_zipstream\lib7z\release\hmacsha256.obj
c:\personal\bass_zipstream\lib7z\release\hmacsha1.obj
c:\personal\bass_zipstream\lib7z\release\xzencoder.obj
c:\personal\bass_zipstream\lib7z\release\timeutils.obj
c:\personal\bass_zipstream\lib7z\release\system.obj
c:\personal\bass_zipstream\lib7z\release\synchronization.obj
c:\personal\bass_zipstream\lib7z\release\cpuarch.obj
c:\personal\bass_zipstream\lib7z\release\bwtsort.obj
c:\personal\bass_zipstream\lib7z\release\braia64.obj
c:\personal\bass_zipstream\lib7z\release\bra86.obj
c:\personal\bass_zipstream\lib7z\release\bra.obj
c:\personal\bass_zipstream\lib7z\release\blake2s.obj
c:\personal\bass_zipstream\lib7z\release\bcj2enc.obj
c:\personal\bass_zipstream\lib7z\release\bcj2.obj
c:\personal\bass_zipstream\lib7z\release\alloc.obj
c:\personal\bass_zipstream\lib7z\release\aesopt.obj
c:\personal\bass_zipstream\lib7z\release\aes.obj
c:\personal\bass_zipstream\lib7z\release\7zstream.obj
c:\personal\bass_zipstream\lib7z\release\7zfile.obj
c:\personal\bass_zipstream\lib7z\release\7zdec.obj
c:\personal\bass_zipstream\lib7z\release\7zcrcopt.obj
c:\personal\bass_zipstream\lib7z\release\7zcrc.obj
c:\personal\bass_zipstream\lib7z\release\7zbuf2.obj
c:\personal\bass_zipstream\lib7z\release\7zbuf.obj
c:\personal\bass_zipstream\lib7z\release\7zarcin.obj
c:\personal\bass_zipstream\lib7z\release\7zalloc.obj
c:\personal\bass_zipstream\lib7z\release\ppmd8dec.obj
c:\personal\bass_zipstream\lib7z\release\ppmd8.obj
c:\personal\bass_zipstream\lib7z\release\ppmd7enc.obj
c:\personal\bass_zipstream\lib7z\release\ppmd7dec.obj
c:\personal\bass_zipstream\lib7z\release\ppmd7.obj
c:\personal\bass_zipstream\lib7z\release\mtdec.obj
c:\personal\bass_zipstream\lib7z\release\mtcoder.obj
c:\personal\bass_zipstream\lib7z\release\lzmalib.obj
c:\personal\bass_zipstream\lib7z\release\lzmaenc.obj
c:\personal\bass_zipstream\lib7z\release\lzmadec.obj
c:\personal\bass_zipstream\lib7z\release\lzma86enc.obj
c:\personal\bass_zipstream\lib7z\release\lzma86dec.obj
c:\personal\bass_zipstream\lib7z\release\lzma2enc.obj
c:\personal\bass_zipstream\lib7z\release\lzma2decmt.obj
c:\personal\bass_zipstream\lib7z\release\lzma2dec.obj
c:\personal\bass_zipstream\lib7z\release\lzfindmt.obj
c:\personal\bass_zipstream\lib7z\release\lzfind.obj
c:\personal\bass_zipstream\lib7z\release\huffenc.obj
c:\personal\bass_zipstream\lib7z\release\dllsecur.obj
c:\personal\bass_zipstream\lib7z\release\delta.obj
c:\personal\bass_zipstream\lib7z\release\xzin.obj
c:\personal\bass_zipstream\lib7z\release\xzenc.obj
c:\personal\bass_zipstream\lib7z\release\xzdec.obj
c:\personal\bass_zipstream\lib7z\release\xzcrc64opt.obj
c:\personal\bass_zipstream\lib7z\release\xzcrc64.obj
c:\personal\bass_zipstream\lib7z\release\xz.obj
c:\personal\bass_zipstream\lib7z\release\threads.obj
c:\personal\bass_zipstream\lib7z\release\sort.obj
c:\personal\bass_zipstream\lib7z\release\sha256.obj
c:\personal\bass_zipstream\lib7z\release\sha1.obj
c:\personal\bass_zipstream\lib7z\release\ppmd8enc.obj
c:\personal\bass_zipstream\lib\x86\lib7z.lib
c:\personal\bass_zipstream\lib7z\release\7zasm.obj
c:\personal\bass_zipstream\lib7z\release\lib7z.tlog\cl.command.1.tlog
c:\personal\bass_zipstream\lib7z\release\lib7z.tlog\cl.read.1.tlog
c:\personal\bass_zipstream\lib7z\release\lib7z.tlog\cl.write.1.tlog
c:\personal\bass_zipstream\lib7z\release\lib7z.tlog\lib-link.read.1.tlog
c:\personal\bass_zipstream\lib7z\release\lib7z.tlog\lib-link.write.1.tlog
c:\personal\bass_zipstream\lib7z\release\lib7z.tlog\lib.command.1.tlog
c:\personal\bass_zipstream\lib7z\release\lib7z.tlog\masm.read.1u.tlog
c:\personal\bass_zipstream\lib7z\release\lib7z.tlog\masm.write.1u.tlog
